TN:
SF:script/DeployCore.s.sol
DA:10,1
FN:10,DeployCore.run
FNDA:1,DeployCore.run
DA:11,1
DA:12,1
DA:13,1
DA:15,1
BRDA:15,0,0,-
BRDA:15,0,1,1
DA:16,1
BRDA:16,1,0,-
BRDA:16,1,1,1
DA:17,1
BRDA:17,2,0,-
BRDA:17,2,1,1
DA:19,1
DA:20,1
DA:22,1
DA:25,1
DA:28,1
DA:31,1
DA:35,1
DA:38,1
DA:39,1
DA:40,1
DA:43,1
DA:44,1
DA:45,1
DA:48,1
DA:49,1
DA:51,1
DA:53,1
FNF:1
FNH:1
LF:24
LH:24
BRF:6
BRH:3
end_of_record
TN:
SF:src/IdentityRegistry.sol
DA:22,20
FN:22,IdentityRegistry.constructor
FNDA:20,IdentityRegistry.constructor
DA:23,20
DA:26,20008
FN:26,IdentityRegistry.registerIdentity
FNDA:20008,IdentityRegistry.registerIdentity
DA:27,20007
DA:28,20007
BRDA:28,0,0,1
DA:29,1
DA:31,20006
BRDA:31,1,0,1
DA:32,1
DA:34,20005
BRDA:34,2,0,1
DA:35,1
DA:38,20004
DA:39,20004
DA:40,20004
DA:42,20004
DA:45,1
FN:45,IdentityRegistry.resolveByUsername
FNDA:1,IdentityRegistry.resolveByUsername
DA:46,1
DA:49,20001
FN:49,IdentityRegistry.resolveByPhoneHash
FNDA:20001,IdentityRegistry.resolveByPhoneHash
DA:50,20001
DA:53,68183
FN:53,IdentityRegistry.isBlacklisted
FNDA:68183,IdentityRegistry.isBlacklisted
DA:54,68183
DA:57,7354
FN:57,IdentityRegistry.setBlacklisted
FNDA:7354,IdentityRegistry.setBlacklisted
DA:58,7353
DA:59,7353
FNF:6
FNH:6
LF:23
LH:23
BRF:3
BRH:3
end_of_record
TN:
SF:src/PledgeLedger.sol
DA:65,26
FN:65,PledgeLedger.constructor
FNDA:26,PledgeLedger.constructor
DA:66,26
DA:69,26
FN:69,PledgeLedger.initialize
FNDA:26,PledgeLedger.initialize
DA:70,26
DA:71,26
DA:72,26
DA:74,26
DA:75,26
DA:76,26
DA:79,0
FN:79,PledgeLedger._authorizeUpgrade
FNDA:0,PledgeLedger._authorizeUpgrade
DA:81,15748
FN:81,PledgeLedger.createPledge
FNDA:15748,PledgeLedger.createPledge
DA:82,15748
BRDA:82,0,0,1
DA:83,15747
BRDA:83,1,0,1
DA:84,15746
BRDA:84,2,0,2
DA:85,15744
BRDA:85,3,0,1
DA:87,15743
DA:89,15743
DA:90,15743
DA:91,15743
DA:92,15743
DA:93,15743
DA:94,15743
DA:95,15743
DA:96,15743
DA:97,15743
DA:99,15743
DA:100,15743
DA:102,15743
DA:105,17087
FN:105,PledgeLedger.confirmPledge
FNDA:17087,PledgeLedger.confirmPledge
DA:106,17087
DA:107,17087
BRDA:107,4,0,-
DA:108,17087
BRDA:108,5,0,15261
DA:109,1826
BRDA:109,6,0,251
DA:110,1575
BRDA:110,7,0,1111
DA:112,464
DA:113,464
DA:114,464
DA:117,16944
FN:117,PledgeLedger.cancelPledge
FNDA:16944,PledgeLedger.cancelPledge
DA:118,16944
DA:119,16944
BRDA:119,8,0,-
DA:120,16944
BRDA:120,9,0,15237
DA:121,1707
BRDA:121,10,0,286
DA:123,1421
DA:124,1421
DA:125,1421
DA:128,17177
FN:128,PledgeLedger.markPaidOffChain
FNDA:17177,PledgeLedger.markPaidOffChain
DA:129,17177
DA:130,17177
BRDA:130,11,0,-
DA:131,17177
BRDA:131,12,0,15308
DA:132,1869
BRDA:132,13,0,1780
DA:134,89
BRDA:134,14,0,2
DA:135,2
DA:138,87
DA:139,87
DA:140,87
DA:142,87
DA:143,87
DA:147,17340
FN:147,PledgeLedger.setSettled
FNDA:17340,PledgeLedger.setSettled
DA:148,1
DA:149,1
BRDA:149,15,0,-
DA:151,1
DA:152,1
DA:153,1
DA:156,16783
FN:156,PledgeLedger.setDefaulted
FNDA:16783,PledgeLedger.setDefaulted
DA:157,1
DA:158,1
BRDA:158,16,0,-
DA:160,1
DA:161,1
DA:162,1
DA:165,16138
FN:165,PledgeLedger.setDisapproved
FNDA:16138,PledgeLedger.setDisapproved
DA:166,3
DA:167,3
BRDA:167,17,0,-
DA:168,3
BRDA:168,18,0,1
DA:170,2
DA:171,2
DA:175,481
FN:175,PledgeLedger.getPledge
FNDA:481,PledgeLedger.getPledge
DA:176,481
DA:179,3
FN:179,PledgeLedger.isOverdue
FNDA:3,PledgeLedger.isOverdue
DA:180,3
DA:181,3
BRDA:181,19,0,-
DA:183,3
DA:186,0
FN:186,PledgeLedger.getPledgesByLender
FNDA:0,PledgeLedger.getPledgesByLender
DA:187,0
DA:190,0
FN:190,PledgeLedger.getPledgesByDebtor
FNDA:0,PledgeLedger.getPledgesByDebtor
DA:191,0
FNF:14
FNH:11
LF:85
LH:80
BRF:20
BRH:13
end_of_record
TN:
SF:src/ReputationEngine.sol
DA:29,12
FN:29,ReputationEngine.constructor
FNDA:12,ReputationEngine.constructor
DA:30,12
DA:33,12
FN:33,ReputationEngine.initialize
FNDA:12,ReputationEngine.initialize
DA:34,12
DA:35,12
DA:37,12
DA:38,12
DA:41,0
FN:41,ReputationEngine._authorizeUpgrade
FNDA:0,ReputationEngine._authorizeUpgrade
DA:43,114693
FN:43,ReputationEngine.recordDisapproval
FNDA:114693,ReputationEngine.recordDisapproval
DA:44,95982
DA:46,95982
DA:47,95982
DA:49,95982
DA:51,95982
BRDA:51,0,0,25092
DA:52,25092
DA:53,25092
BRDA:53,1,0,7352
DA:54,7352
DA:59,10004
FN:59,ReputationEngine.getTier
FNDA:10004,ReputationEngine.getTier
DA:60,219526
DA:61,219526
BRDA:61,2,0,27563
BRDA:61,2,1,123172
DA:62,27563
DA:63,191963
BRDA:63,3,0,36429
BRDA:63,3,1,123172
DA:64,36429
DA:65,155534
BRDA:65,4,0,32362
BRDA:65,4,1,123172
DA:66,32362
DA:68,123172
DA:72,0
FN:72,ReputationEngine.getDisapprovalCount
FNDA:0,ReputationEngine.getDisapprovalCount
DA:73,0
DA:76,17558
FN:76,ReputationEngine.requiresEnforcedTrack
FNDA:17558,ReputationEngine.requiresEnforcedTrack
DA:77,17558
DA:78,17558
FNF:7
FNH:5
LF:31
LH:28
BRF:8
BRH:8
end_of_record
TN:
SF:test/PledgeLedger.t.sol
DA:10,3
FN:10,MockIdentityRegistry.setBlacklisted
FNDA:3,MockIdentityRegistry.setBlacklisted
DA:11,41
FN:11,MockIdentityRegistry.isBlacklisted
FNDA:41,MockIdentityRegistry.isBlacklisted
DA:16,1
FN:16,MockReputationEngine.setEnforced
FNDA:1,MockReputationEngine.setEnforced
DA:17,18
FN:17,MockReputationEngine.requiresEnforcedTrack
FNDA:18,MockReputationEngine.requiresEnforcedTrack
FNF:4
FNH:4
LF:4
LH:4
BRF:0
BRH:0
end_of_record
TN:
SF:test/invariant/PledgeLedgerInvariant.t.sol
DA:33,5
FN:33,Handler.constructor
FNDA:5,Handler.constructor
DA:34,5
DA:35,5
DA:36,5
DA:37,5
DA:39,5
DA:40,50
DA:44,244213
FN:44,Handler._randomActor
FNDA:244213,Handler._randomActor
DA:45,244213
DA:48,18365
FN:48,Handler.createPledge
FNDA:18365,Handler.createPledge
DA:49,18365
DA:50,18365
DA:51,18365
DA:53,18365
DA:54,18365
DA:57,18365
BRDA:57,0,0,2640
DA:58,15725
BRDA:58,1,0,-
DA:60,15725
DA:61,15725
BRDA:61,2,0,15725
DA:62,15725
DA:63,15725
DA:64,15725
DA:68,18480
FN:68,Handler.confirmPledge
FNDA:18480,Handler.confirmPledge
DA:69,18480
BRDA:69,3,0,18480
DA:70,17077
DA:72,17077
DA:73,17077
DA:75,17077
BRDA:75,4,0,17077
DA:76,457
DA:77,457
BRDA:77,5,0,457
DA:78,457
DA:80,457
DA:84,18360
FN:84,Handler.cancelPledge
FNDA:18360,Handler.cancelPledge
DA:85,18360
BRDA:85,6,0,18360
DA:86,16941
DA:88,16941
DA:89,16941
DA:90,16941
BRDA:90,7,0,16941
DA:91,1420
DA:95,18555
FN:95,Handler.markPaidOffChain
FNDA:18555,Handler.markPaidOffChain
DA:96,18555
BRDA:96,8,0,18555
DA:97,17170
DA:99,17170
DA:100,17170
DA:101,17170
BRDA:101,9,0,17170
DA:102,83
DA:106,18625
FN:106,Handler.setSettled
FNDA:18625,Handler.setSettled
DA:107,18625
BRDA:107,10,0,18625
DA:108,17338
DA:109,17338
DA:110,17338
DA:111,17338
BRDA:111,11,0,17338
DA:112,0
DA:116,18045
FN:116,Handler.setDefaulted
FNDA:18045,Handler.setDefaulted
DA:117,18045
BRDA:117,12,0,18045
DA:118,16782
DA:119,16782
DA:120,16782
DA:121,16782
BRDA:121,13,0,16782
DA:122,0
DA:126,17475
FN:126,Handler.setDisapproved
FNDA:17475,Handler.setDisapproved
DA:127,17475
BRDA:127,14,0,17475
DA:128,16135
DA:129,16135
DA:130,16135
DA:131,16135
BRDA:131,15,0,16135
DA:132,0
DA:137,18710
FN:137,Handler.recordDisapproval
FNDA:18710,Handler.recordDisapproval
DA:138,18710
DA:140,18710
DA:141,18710
BRDA:141,16,0,18710
DA:142,0
BRDA:142,17,0,-
DA:143,0
DA:148,17865
FN:148,Handler.warpTime
FNDA:17865,Handler.warpTime
DA:149,17865
DA:150,17865
FNF:11
FNH:11
LF:76
LH:71
BRF:18
BRH:16
end_of_record
